[Mon Feb 27 11:12:52.544 2017] 0.001 sec 0.001 sec [ext2/0/rel 3 (0,20)] [*] test
[Mon Feb 27 11:13:35.647 2017] 0.000 sec 0.000 sec [ext2/0/rel 3 (0,20)] [*] test
[Mon Feb 27 11:15:29.464 2017] 0.000 sec 0.000 sec [ext2/0/rel 0 (0,20)] [*] 1
[Mon Feb 27 11:15:55.570 2017] 0.000 sec 0.000 sec [ext2/0/rel 3 (0,20)] [*] test
[Mon Feb 27 11:17:27.012 2017] 0.000 sec 0.000 sec [ext2/0/rel 3 (0,20)] [*] test
[Mon Feb 27 11:17:30.791 2017] 0.000 sec 0.000 sec [ext2/0/rel 3 (0,20)] [*] test
[Mon Feb 27 11:17:35.836 2017] 0.001 sec 0.001 sec [ext2/0/rel 3 (0,20)] [*] test
[Mon Feb 27 11:18:01.908 2017] 0.001 sec 0.001 sec [ext2/0/rel 3 (0,20)] [*] test
[Mon Feb 27 11:18:06.116 2017] 0.000 sec 0.000 sec [ext2/0/rel 3 (0,20)] [*] test
[Mon Feb 27 15:50:09.975 2017] 0.001 sec 0.001 sec [ext2/0/rel 3 (0,20)] [*] test
[Mon Feb 27 15:50:32.908 2017] 0.000 sec 0.000 sec [ext2/0/rel 1 (0,20)] [*] 大哥
[Mon Feb 27 15:52:33.956 2017] 0.000 sec 0.000 sec [ext2/0/rel 0 (0,20)] [*] 2
[Mon Feb 27 15:55:59.626 2017] 0.000 sec 0.000 sec [ext2/0/rel 0 (0,20)] [*] 987859263
[Mon Feb 27 15:57:12.387 2017] 0.000 sec 0.000 sec [ext2/0/rel 0 (0,20)] [*] 987859263
[Mon Feb 27 15:57:17.236 2017] 0.000 sec 0.000 sec [ext2/0/rel 0 (0,20)] [*] 987859263
[Mon Feb 27 15:57:20.698 2017] 0.000 sec 0.000 sec [ext2/0/rel 0 (0,20)] [*] 987859263
[Mon Feb 27 15:57:36.351 2017] 0.001 sec 0.001 sec [ext2/0/rel 0 (0,20)] [*] 987859263
[Mon Feb 27 15:57:39.226 2017] 0.000 sec 0.000 sec [ext2/0/rel 0 (0,20)] [*] 987859263
[Mon Feb 27 16:13:00.822 2017] 0.001 sec 0.001 sec [ext2/0/rel 0 (0,20)] [*] 987859263
[Mon Feb 27 16:13:04.721 2017] 0.000 sec 0.000 sec [ext2/0/rel 0 (0,20)] [*] 987859263
[Mon Feb 27 16:13:07.499 2017] 0.001 sec 0.001 sec [ext2/0/rel 0 (0,20)] [*] 987859263
[Mon Feb 27 16:13:09.210 2017] 0.000 sec 0.000 sec [ext2/0/rel 0 (0,20)] [*] 987859263
[Mon Feb 27 16:13:11.957 2017] 0.000 sec 0.000 sec [ext2/0/rel 0 (0,20)] [*] 987859263
[Mon Feb 27 16:44:21.592 2017] 0.001 sec 0.001 sec [ext2/0/rel 1 (0,20)] [*] 大哥
[Mon Feb 27 17:24:05.622 2017] 0.001 sec 0.001 sec [ext2/0/rel 0 (0,20)] [*] 987859263
[Mon Feb 27 17:27:21.065 2017] 0.001 sec 0.001 sec [ext2/0/rel 0 (0,20)] [*] 987859263
[Mon Feb 27 17:27:41.101 2017] 0.000 sec 0.000 sec [ext2/0/rel 3 (0,20)] [*] test
[Mon Feb 27 17:35:47.252 2017] 0.000 sec 0.000 sec [ext2/0/rel 1 (0,20)] [*] 大哥
[Mon Feb 27 17:38:07.465 2017] 0.000 sec 0.000 sec [ext2/0/rel 1 (0,20)] [*] 大哥
[Mon Feb 27 17:38:11.019 2017] 0.000 sec 0.000 sec [ext2/0/rel 1 (0,20)] [*] 大哥
[Mon Feb 27 17:38:43.793 2017] 0.001 sec 0.001 sec [ext2/0/rel 1 (0,20)] [*] 大哥
[Mon Feb 27 17:38:47.394 2017] 0.000 sec 0.000 sec [ext2/0/rel 1 (0,20)] [*] 大哥
[Mon Feb 27 17:42:10.678 2017] 0.000 sec 0.000 sec [ext2/0/rel 3 (0,20)] [*] test
[Mon Feb 27 17:59:55.384 2017] 0.000 sec 0.000 sec [ext2/0/rel 3 (0,20)] [*] test
[Mon Feb 27 18:29:20.138 2017] 0.000 sec 0.000 sec [ext2/0/rel 0 (0,20)] [*] 987859263
[Mon Feb 27 18:32:00.483 2017] 0.000 sec 0.000 sec [ext2/0/rel 0 (0,20)] [*] 987859263
[Mon Feb 27 18:32:03.225 2017] 0.000 sec 0.000 sec [ext2/0/rel 0 (0,20)] [*] 987859263
[Mon Feb 27 18:32:44.836 2017] 0.001 sec 0.001 sec [ext2/0/rel 2077 (0,20)] [*] 雷磊
[Mon Feb 27 18:42:41.367 2017] 0.000 sec 0.000 sec [ext2/0/rel 2 (0,20)] [*] 18983118873
[Tue Feb 28 09:36:51.265 2017] 0.001 sec 0.001 sec [ext2/0/rel 2 (0,20)] [*] 987859263
[Tue Feb 28 09:37:28.596 2017] 0.003 sec 0.003 sec [ext2/0/rel 9311 (0,20)] [*] 重庆
[Tue Feb 28 09:38:13.070 2017] 0.000 sec 0.000 sec [ext2/0/rel 2 (0,20)] [*] 18983118873
[Tue Feb 28 09:38:54.720 2017] 0.005 sec 0.005 sec [ext2/0/rel 5309 (0,20)] [*] 赵益敏
[Tue Feb 28 09:39:48.553 2017] 0.002 sec 0.002 sec [ext2/0/rel 5309 (0,20)] [*] 赵益敏
[Tue Feb 28 09:41:13.390 2017] 0.002 sec 0.002 sec [ext2/0/rel 5309 (0,20)] [*] 赵益敏
[Tue Feb 28 09:41:27.132 2017] 0.000 sec 0.000 sec [ext2/0/rel 2 (0,20)] [*] 987859263
[Tue Feb 28 09:41:40.487 2017] 0.000 sec 0.000 sec [ext2/0/rel 2 (0,20)] [*] 987859263
[Tue Feb 28 09:42:35.122 2017] 0.002 sec 0.002 sec [ext2/0/rel 5718 (0,20)] [*] 郑益平
[Tue Feb 28 10:31:22.551 2017] 0.002 sec 0.002 sec [ext2/0/rel 5718 (0,20)] [*] 郑益平
[Tue Feb 28 10:31:28.061 2017] 0.004 sec 0.004 sec [ext2/0/rel 511 (0,20)] [*] 郑益平
[Tue Feb 28 10:32:02.636 2017] 0.000 sec 0.000 sec [ext2/0/rel 2 (0,20)] [*] 987859263
[Tue Feb 28 10:34:44.080 2017] 0.000 sec 0.000 sec [ext2/0/rel 1736 (0,20)] [*] 郑
[Tue Feb 28 10:42:38.562 2017] 0.001 sec 0.001 sec [ext2/0/rel 14 (0,20)] [*] 郑
[Tue Feb 28 10:43:56.765 2017] 0.001 sec 0.001 sec [ext2/0/rel 1216 (0,20)] [*] 郑益平
[Tue Feb 28 10:44:40.527 2017] 0.000 sec 0.000 sec [ext2/0/rel 2 (0,20)] [*] 987859263
[Tue Feb 28 10:46:42.747 2017] 0.000 sec 0.000 sec [ext2/0/rel 2 (0,20)] [*] 987859263
[Tue Feb 28 10:46:54.663 2017] 0.002 sec 0.002 sec [ext2/0/rel 5717 (0,20)] [*] 郑益平
[Tue Feb 28 10:47:25.426 2017] 0.002 sec 0.002 sec [ext2/0/rel 1736 (0,20)] [*] 郑
[Tue Feb 28 10:47:32.887 2017] 0.001 sec 0.001 sec [ext2/0/rel 1736 (0,20)] [*] 郑
[Tue Feb 28 10:48:56.152 2017] 0.000 sec 0.000 sec [ext2/0/rel 0 (0,20)] [*] 郑
[Tue Feb 28 10:50:24.990 2017] 0.000 sec 0.000 sec [ext2/0/rel 0 (0,20)] [*] 郑
[Tue Feb 28 10:50:29.348 2017] 0.000 sec 0.000 sec [ext2/0/rel 0 (0,20)] [*] 郑
[Tue Feb 28 10:52:08.369 2017] 0.000 sec 0.000 sec [ext2/0/rel 0 (0,20)] [*] 郑
[Tue Feb 28 10:52:19.592 2017] 0.000 sec 0.000 sec [ext2/0/rel 0 (0,20)] [*] 987859263
[Tue Feb 28 10:52:22.288 2017] 0.000 sec 0.000 sec [ext2/0/rel 0 (0,20)] [*] 987859263
[Tue Feb 28 10:52:25.535 2017] 0.000 sec 0.000 sec [ext2/0/rel 0 (0,20)] [*] 987859263
[Tue Feb 28 10:55:27.348 2017] 0.001 sec 0.001 sec [ext2/0/rel 2 (0,20)] [*] 987859263
[Tue Feb 28 10:59:34.995 2017] 0.004 sec 0.004 sec [ext2/0/rel 6699 (0,20)] [*] 987859263@qq.com
[Tue Feb 28 11:10:36.862 2017] 0.000 sec 0.000 sec [any/0/rel 0 (0,20)] [*] 大哥
[Tue Feb 28 11:12:05.576 2017] 0.000 sec 0.000 sec [any/0/rel 1 (0,20)] [*] 大哥
[Tue Feb 28 11:16:19.138 2017] 0.000 sec 0.000 sec [any/0/rel 1 (0,20)] [*] 大哥
[Tue Feb 28 11:16:24.026 2017] 0.000 sec 0.000 sec [any/0/rel 1 (0,20)] [*] 大哥
[Tue Feb 28 11:16:31.996 2017] 0.000 sec 0.000 sec [any/0/rel 3 (0,20)] [*] 男
[Tue Feb 28 11:46:04.422 2017] 0.003 sec 0.003 sec [any/0/rel 3 (0,20)] [*] 男
[Tue Feb 28 11:46:26.004 2017] 0.000 sec 0.000 sec [any/0/rel 3 (0,20)] [test1] 男
[Tue Feb 28 11:46:30.596 2017] 0.000 sec 0.000 sec [any/0/rel 3 (0,20)] [test1] 男
[Tue Feb 28 14:08:05.057 2017] 0.001 sec 0.001 sec [any/0/rel 3 (0,20)] [test1] 男
[Tue Feb 28 14:08:26.201 2017] 0.000 sec 0.000 sec [any/0/rel 0 (0,20)] [document] test
[Tue Feb 28 14:08:43.662 2017] 0.000 sec 0.000 sec [any/0/rel 0 (0,20)] [*] test
[Tue Feb 28 14:08:46.377 2017] 0.000 sec 0.000 sec [any/0/rel 0 (0,20)] [*] test
[Tue Feb 28 14:09:02.889 2017] 0.000 sec 0.000 sec [any/0/rel 0 (0,20)] [document] *
[Tue Feb 28 14:09:07.009 2017] 0.000 sec 0.000 sec [any/0/rel 0 (0,20)] [document] *
[Tue Feb 28 14:22:27.168 2017] 0.000 sec 0.000 sec [any/0/rel 3 (0,20)] [test1] 男
[Tue Feb 28 14:50:12.022 2017] 0.000 sec 0.000 sec [any/0/rel 3 (0,20)] [name] 男
[Tue Feb 28 14:51:47.095 2017] 0.000 sec 0.000 sec [any/0/rel 3 (0,20)] [name] 男
[Tue Feb 28 14:51:47.095 2017] 0.000 sec 0.000 sec [any/0/rel 3 (0,20)] [documents] test
[Tue Feb 28 15:12:58.037 2017] 0.000 sec 0.000 sec [any/0/rel 3 (0,20)] [name] 男
[Tue Feb 28 15:12:58.039 2017] 0.000 sec 0.000 sec [any/0/rel 3 (0,20)] [documents] test
[Tue Feb 28 15:16:33.294 2017] 0.000 sec 0.000 sec [any/0/rel 3 (0,20)] [name] 男
[Tue Feb 28 15:16:33.295 2017] 0.000 sec 0.000 sec [any/0/rel 3 (0,20)] [documents] test
[Tue Feb 28 15:22:30.083 2017] 0.000 sec 0.000 sec [ext2/0/rel 3 (0,20)] [name] 男
[Tue Feb 28 15:22:30.084 2017] 0.000 sec 0.000 sec [ext2/0/rel 3 (0,20)] [documents] test
[Tue Feb 28 15:22:31.156 2017] 0.000 sec 0.000 sec [ext2/0/rel 3 (0,20)] [name] 男
[Tue Feb 28 15:22:31.156 2017] 0.000 sec 0.000 sec [ext2/0/rel 3 (0,20)] [documents] test
[Tue Feb 28 15:23:19.020 2017] 0.005 sec 0.005 sec [all/0/rel 3 (0,20)] [name] 男
[Tue Feb 28 15:23:19.020 2017] 0.000 sec 0.000 sec [all/0/rel 3 (0,20)] [documents] test
[Tue Feb 28 15:23:20.122 2017] 0.000 sec 0.000 sec [all/0/rel 3 (0,20)] [name] 男
[Tue Feb 28 15:23:20.122 2017] 0.000 sec 0.000 sec [all/0/rel 3 (0,20)] [documents] test
[Tue Feb 28 15:23:41.888 2017] 0.000 sec 0.000 sec [ext2/0/rel 3 (0,20)] [name] 男
[Tue Feb 28 15:23:41.888 2017] 0.000 sec 0.000 sec [ext2/0/rel 3 (0,20)] [documents] test
[Tue Feb 28 15:44:55.924 2017] 0.000 sec 0.000 sec [ext2/0/rel 3 (0,20)] [name] 男
[Tue Feb 28 15:44:55.924 2017] 0.000 sec 0.000 sec [ext2/0/rel 3 (0,20)] [documents] test
[Tue Feb 28 16:40:24.959 2017] 0.000 sec 0.000 sec [ext2/0/rel 3 (0,20)] [name] 男
[Tue Feb 28 16:40:24.959 2017] 0.000 sec 0.000 sec [ext2/0/rel 3 (0,20)] [documents] test
[Tue Feb 28 17:05:11.421 2017] 0.003 sec 0.003 sec [ext2/0/rel 0 (0,20)] [user] 习近平
[Tue Feb 28 17:05:11.422 2017] 0.001 sec 0.001 sec [ext2/0/rel 1 (0,20)] [workflow] 上海大学
[Tue Feb 28 17:05:11.423 2017] 0.000 sec 0.000 sec [ext2/0/rel 5 (0,20)] [flow] 审核流程
[Tue Feb 28 17:06:48.733 2017] 0.000 sec 0.000 sec [ext2/0/rel 0 (0,20)] [user] 习近平
[Tue Feb 28 17:06:48.734 2017] 0.000 sec 0.000 sec [ext2/0/rel 1 (0,20)] [workflow] 上海大学
[Tue Feb 28 17:06:48.734 2017] 0.000 sec 0.000 sec [ext2/0/rel 1 (0,20)] [flow] 是一个好人
[Tue Feb 28 17:07:07.126 2017] 0.000 sec 0.000 sec [ext2/0/rel 0 (0,20)] [user] 习近平
[Tue Feb 28 17:07:07.127 2017] 0.000 sec 0.000 sec [ext2/0/rel 1 (0,20)] [workflow] 上海大学
[Tue Feb 28 17:07:07.127 2017] 0.000 sec 0.000 sec [ext2/0/rel 11 (0,20)] [flow] 流程
[Tue Feb 28 17:08:01.785 2017] 0.000 sec 0.000 sec [ext2/0/rel 0 (0,20)] [user] 习近平
[Tue Feb 28 17:08:01.785 2017] 0.000 sec 0.000 sec [ext2/0/rel 1 (0,20)] [workflow] 上海大学
[Tue Feb 28 17:08:01.786 2017] 0.000 sec 0.000 sec [ext2/0/rel 1 (0,20)] [flow] 0000000000000032
[Tue Feb 28 17:08:40.570 2017] 0.003 sec 0.003 sec [ext2/0/rel 0 (0,20)] [user] 习近平
[Tue Feb 28 17:08:40.571 2017] 0.000 sec 0.000 sec [ext2/0/rel 2 (0,20)] [workflow] 0000000000000013
[Tue Feb 28 17:08:40.571 2017] 0.000 sec 0.000 sec [ext2/0/rel 1 (0,20)] [flow] 0000000000000032
[Tue Feb 28 17:09:14.320 2017] 0.000 sec 0.000 sec [ext2/0/rel 0 (0,20)] [user] 习近平
[Tue Feb 28 17:09:14.323 2017] 0.002 sec 0.002 sec [ext2/0/rel 1 (0,20)] [workflow] 上海大学
[Tue Feb 28 17:09:14.324 2017] 0.000 sec 0.000 sec [ext2/0/rel 1 (0,20)] [flow] 0000000000000032
[Tue Feb 28 17:09:38.463 2017] 0.000 sec 0.000 sec [ext2/0/rel 0 (0,20)] [user] 习近平
[Tue Feb 28 17:09:38.463 2017] 0.000 sec 0.000 sec [ext2/0/rel 3 (0,20)] [workflow] 重庆大学
[Tue Feb 28 17:09:38.463 2017] 0.000 sec 0.000 sec [ext2/0/rel 1 (0,20)] [flow] 0000000000000032
[Tue Feb 28 17:12:32.537 2017] 0.000 sec 0.000 sec [ext2/0/rel 0 (0,20)] [user] 寒梅
[Tue Feb 28 17:12:32.539 2017] 0.001 sec 0.001 sec [ext2/0/rel 3 (0,20)] [workflow] 重庆大学
[Tue Feb 28 17:12:32.539 2017] 0.000 sec 0.000 sec [ext2/0/rel 1 (0,20)] [flow] 0000000000000032
[Tue Feb 28 17:12:35.724 2017] 0.000 sec 0.000 sec [ext2/0/rel 0 (0,20)] [user] 寒梅
[Tue Feb 28 17:12:35.724 2017] 0.000 sec 0.000 sec [ext2/0/rel 3 (0,20)] [workflow] 重庆大学
[Tue Feb 28 17:12:35.724 2017] 0.000 sec 0.000 sec [ext2/0/rel 1 (0,20)] [flow] 0000000000000032
[Tue Feb 28 17:16:43.053 2017] 0.000 sec 0.000 sec [ext2/0/rel 0 (0,20)] [user] 寒梅
[Tue Feb 28 17:16:43.054 2017] 0.000 sec 0.000 sec [ext2/0/rel 3 (0,20)] [workflow] 重庆大学
[Tue Feb 28 17:16:43.054 2017] 0.000 sec 0.000 sec [ext2/0/rel 1 (0,20)] [flow] 0000000000000032
[Tue Feb 28 17:18:49.835 2017] 0.000 sec 0.000 sec [ext2/0/rel 2 (0,20)] [user] 寒梅
[Tue Feb 28 17:18:49.836 2017] 0.000 sec 0.000 sec [ext2/0/rel 3 (0,20)] [workflow] 重庆大学
[Tue Feb 28 17:18:49.836 2017] 0.000 sec 0.000 sec [ext2/0/rel 1 (0,20)] [flow] 0000000000000032
[Tue Feb 28 17:19:10.190 2017] 0.000 sec 0.000 sec [ext2/0/rel 1 (0,20)] [user] 习近平
[Tue Feb 28 17:19:10.191 2017] 0.000 sec 0.000 sec [ext2/0/rel 3 (0,20)] [workflow] 重庆大学
[Tue Feb 28 17:19:10.191 2017] 0.000 sec 0.000 sec [ext2/0/rel 1 (0,20)] [flow] 0000000000000032
